<?xml version="1.0" encoding="UTF-8"?>
<!-- Generated by org.testng.reporters.JUnitXMLReporter -->
<testsuite ignored="1" hostname="SudPC" failures="0" tests="1" name="Default test(failed)" time="16.277" errors="0" timestamp="2025-05-13T23:27:37 IST">
  <testcase classname="com.tests.successLoginTest" name="newRegFromLogin" time="0.923"/>
  <testcase classname="com.tests.successLoginTest" name="logintest" time="0.0">
    <ignored/>
  </testcase> <!-- logintest -->
</testsuite> <!-- Default test(failed) -->
