<?xml version="1.0" encoding="UTF-8"?>
<testng-results ignored="0" total="10" passed="5" failed="4" skipped="1">
  <reporter-output>
  </reporter-output>
  <suite started-at="2026-03-13T20:50:03 IST" name="Default suite" finished-at="2026-03-13T20:54:18 IST" duration-ms="255425">
    <groups>
    </groups>
    <test started-at="2026-03-13T20:50:03 IST" name="Default test" finished-at="2026-03-13T20:54:18 IST" duration-ms="255425">
      <class name="com.tests.FooterTest">
        <test-method is-config="true" signature="setup()[pri:0, instance:com.tests.FooterTest@26a4842b]" started-at="2026-03-13T20:50:03 IST" name="setup" finished-at="2026-03-13T20:50:43 IST" duration-ms="40560" status="PASS">
          <reporter-output>
          </reporter-output>
        </test-method> <!-- setup -->
        <test-method is-config="true" signature="waiting()[pri:0, instance:com.tests.FooterTest@26a4842b]" started-at="2026-03-13T20:50:43 IST" name="waiting" finished-at="2026-03-13T20:50:46 IST" duration-ms="3006" status="PASS">
          <reporter-output>
          </reporter-output>
        </test-method> <!-- waiting -->
        <test-method signature="ContactUsTest()[pri:0, instance:com.tests.FooterTest@26a4842b]" started-at="2026-03-13T20:50:46 IST" name="ContactUsTest" finished-at="2026-03-13T20:51:21 IST" duration-ms="34744" status="PASS">
          <reporter-output>
          </reporter-output>
        </test-method> <!-- ContactUsTest -->
        <test-method is-config="true" signature="waiting()[pri:0, instance:com.tests.FooterTest@26a4842b]" started-at="2026-03-13T20:51:21 IST" name="waiting" finished-at="2026-03-13T20:51:24 IST" duration-ms="3006" status="PASS">
          <reporter-output>
          </reporter-output>
        </test-method> <!-- waiting -->
        <test-method signature="PrivacyPolicyTest()[pri:0, instance:com.tests.FooterTest@26a4842b]" started-at="2026-03-13T20:51:24 IST" name="PrivacyPolicyTest" finished-at="2026-03-13T20:51:28 IST" duration-ms="4121" status="PASS">
          <reporter-output>
          </reporter-output>
        </test-method> <!-- PrivacyPolicyTest -->
        <test-method is-config="true" signature="waiting()[pri:0, instance:com.tests.FooterTest@26a4842b]" started-at="2026-03-13T20:51:28 IST" name="waiting" finished-at="2026-03-13T20:51:31 IST" duration-ms="3042" status="PASS">
          <reporter-output>
          </reporter-output>
        </test-method> <!-- waiting -->
        <test-method signature="TandC_Test()[pri:0, instance:com.tests.FooterTest@26a4842b]" started-at="2026-03-13T20:51:31 IST" name="TandC_Test" finished-at="2026-03-13T20:51:35 IST" duration-ms="3874" status="PASS">
          <reporter-output>
          </reporter-output>
        </test-method> <!-- TandC_Test -->
        <test-method is-config="true" signature="waiting()[pri:0, instance:com.tests.FooterTest@26a4842b]" started-at="2026-03-13T20:51:35 IST" name="waiting" finished-at="2026-03-13T20:51:38 IST" duration-ms="3020" status="PASS">
          <reporter-output>
          </reporter-output>
        </test-method> <!-- waiting -->
        <test-method signature="aboutUsTest()[pri:0, instance:com.tests.FooterTest@26a4842b]" started-at="2026-03-13T20:51:38 IST" name="aboutUsTest" finished-at="2026-03-13T20:51:41 IST" duration-ms="2566" status="PASS">
          <reporter-output>
          </reporter-output>
        </test-method> <!-- aboutUsTest -->
        <test-method is-config="true" signature="waiting()[pri:0, instance:com.tests.FooterTest@26a4842b]" started-at="2026-03-13T20:51:41 IST" name="waiting" finished-at="2026-03-13T20:51:44 IST" duration-ms="3018" status="PASS">
          <reporter-output>
          </reporter-output>
        </test-method> <!-- waiting -->
        <test-method signature="facebookTest()[pri:0, instance:com.tests.FooterTest@26a4842b]" started-at="2026-03-13T20:51:44 IST" name="facebookTest" finished-at="2026-03-13T20:51:57 IST" duration-ms="13543" status="FAIL">
          <exception class="java.lang.AssertionError">
            <message>
              <![CDATA[expected [Facebook – log in or sign up] but found [About Us]]]>
            </message>
            <full-stacktrace>
              <![CDATA[java.lang.AssertionError: expected [Facebook – log in or sign up] but found [About Us]
at org.testng.Assert.fail(Assert.java:99)
at org.testng.Assert.failNotEquals(Assert.java:1037)
at org.testng.Assert.assertEqualsImpl(Assert.java:140)
at org.testng.Assert.assertEquals(Assert.java:122)
at org.testng.Assert.assertEquals(Assert.java:629)
at org.testng.Assert.assertEquals(Assert.java:639)
at com.tests.FooterTest.facebookTest(FooterTest.java:74)
at java.base/jdk.internal.reflect.NativeMethodAccessorImpl.invoke0(Native Method)
at java.base/jdk.internal.reflect.NativeMethodAccessorImpl.invoke(NativeMethodAccessorImpl.java:64)
at java.base/jdk.internal.reflect.DelegatingMethodAccessorImpl.invoke(DelegatingMethodAccessorImpl.java:43)
at java.base/java.lang.reflect.Method.invoke(Method.java:564)
at org.testng.internal.MethodInvocationHelper.invokeMethod(MethodInvocationHelper.java:133)
at org.testng.internal.TestInvoker.invokeMethod(TestInvoker.java:598)
at org.testng.internal.TestInvoker.invokeTestMethod(TestInvoker.java:173)
at org.testng.internal.MethodRunner.runInSequence(MethodRunner.java:46)
at org.testng.internal.TestInvoker$MethodInvocationAgent.invoke(TestInvoker.java:824)
at org.testng.internal.TestInvoker.invokeTestMethods(TestInvoker.java:146)
at org.testng.internal.TestMethodWorker.invokeTestMethods(TestMethodWorker.java:146)
at org.testng.internal.TestMethodWorker.run(TestMethodWorker.java:128)
at java.base/java.util.ArrayList.forEach(ArrayList.java:1511)
at org.testng.TestRunner.privateRun(TestRunner.java:794)
at org.testng.TestRunner.run(TestRunner.java:596)
at org.testng.SuiteRunner.runTest(SuiteRunner.java:377)
at org.testng.SuiteRunner.runSequentially(SuiteRunner.java:371)
at org.testng.SuiteRunner.privateRun(SuiteRunner.java:332)
at org.testng.SuiteRunner.run(SuiteRunner.java:276)
at org.testng.SuiteRunnerWorker.runSuite(SuiteRunnerWorker.java:53)
at org.testng.SuiteRunnerWorker.run(SuiteRunnerWorker.java:96)
at org.testng.TestNG.runSuitesSequentially(TestNG.java:1212)
at org.testng.TestNG.runSuitesLocally(TestNG.java:1134)
at org.testng.TestNG.runSuites(TestNG.java:1063)
at org.testng.TestNG.run(TestNG.java:1031)
at org.testng.remote.AbstractRemoteTestNG.run(AbstractRemoteTestNG.java:115)
at org.testng.remote.RemoteTestNG.initAndRun(RemoteTestNG.java:251)
at org.testng.remote.RemoteTestNG.main(RemoteTestNG.java:77)
]]>
            </full-stacktrace>
          </exception> <!-- java.lang.AssertionError -->
          <reporter-output>
          </reporter-output>
        </test-method> <!-- facebookTest -->
        <test-method is-config="true" signature="waiting()[pri:0, instance:com.tests.FooterTest@26a4842b]" started-at="2026-03-13T20:51:58 IST" name="waiting" finished-at="2026-03-13T20:52:01 IST" duration-ms="3015" status="PASS">
          <reporter-output>
          </reporter-output>
        </test-method> <!-- waiting -->
        <test-method signature="linkdinTest()[pri:0, instance:com.tests.FooterTest@26a4842b]" started-at="2026-03-13T20:52:01 IST" name="linkdinTest" finished-at="2026-03-13T20:52:23 IST" duration-ms="22424" status="FAIL">
          <exception class="java.lang.AssertionError">
            <message>
              <![CDATA[expected [Contact Us] but found [About Us]]]>
            </message>
            <full-stacktrace>
              <![CDATA[java.lang.AssertionError: expected [Contact Us] but found [About Us]
at org.testng.Assert.fail(Assert.java:99)
at org.testng.Assert.failNotEquals(Assert.java:1037)
at org.testng.Assert.assertEqualsImpl(Assert.java:140)
at org.testng.Assert.assertEquals(Assert.java:122)
at org.testng.Assert.assertEquals(Assert.java:629)
at org.testng.Assert.assertEquals(Assert.java:639)
at com.tests.FooterTest.linkdinTest(FooterTest.java:81)
at java.base/jdk.internal.reflect.NativeMethodAccessorImpl.invoke0(Native Method)
at java.base/jdk.internal.reflect.NativeMethodAccessorImpl.invoke(NativeMethodAccessorImpl.java:64)
at java.base/jdk.internal.reflect.DelegatingMethodAccessorImpl.invoke(DelegatingMethodAccessorImpl.java:43)
at java.base/java.lang.reflect.Method.invoke(Method.java:564)
at org.testng.internal.MethodInvocationHelper.invokeMethod(MethodInvocationHelper.java:133)
at org.testng.internal.TestInvoker.invokeMethod(TestInvoker.java:598)
at org.testng.internal.TestInvoker.invokeTestMethod(TestInvoker.java:173)
at org.testng.internal.MethodRunner.runInSequence(MethodRunner.java:46)
at org.testng.internal.TestInvoker$MethodInvocationAgent.invoke(TestInvoker.java:824)
at org.testng.internal.TestInvoker.invokeTestMethods(TestInvoker.java:146)
at org.testng.internal.TestMethodWorker.invokeTestMethods(TestMethodWorker.java:146)
at org.testng.internal.TestMethodWorker.run(TestMethodWorker.java:128)
at java.base/java.util.ArrayList.forEach(ArrayList.java:1511)
at org.testng.TestRunner.privateRun(TestRunner.java:794)
at org.testng.TestRunner.run(TestRunner.java:596)
at org.testng.SuiteRunner.runTest(SuiteRunner.java:377)
at org.testng.SuiteRunner.runSequentially(SuiteRunner.java:371)
at org.testng.SuiteRunner.privateRun(SuiteRunner.java:332)
at org.testng.SuiteRunner.run(SuiteRunner.java:276)
at org.testng.SuiteRunnerWorker.runSuite(SuiteRunnerWorker.java:53)
at org.testng.SuiteRunnerWorker.run(SuiteRunnerWorker.java:96)
at org.testng.TestNG.runSuitesSequentially(TestNG.java:1212)
at org.testng.TestNG.runSuitesLocally(TestNG.java:1134)
at org.testng.TestNG.runSuites(TestNG.java:1063)
at org.testng.TestNG.run(TestNG.java:1031)
at org.testng.remote.AbstractRemoteTestNG.run(AbstractRemoteTestNG.java:115)
at org.testng.remote.RemoteTestNG.initAndRun(RemoteTestNG.java:251)
at org.testng.remote.RemoteTestNG.main(RemoteTestNG.java:77)
]]>
            </full-stacktrace>
          </exception> <!-- java.lang.AssertionError -->
          <reporter-output>
          </reporter-output>
        </test-method> <!-- linkdinTest -->
        <test-method is-config="true" signature="waiting()[pri:0, instance:com.tests.FooterTest@26a4842b]" started-at="2026-03-13T20:52:24 IST" name="waiting" finished-at="2026-03-13T20:52:27 IST" duration-ms="3005" status="PASS">
          <reporter-output>
          </reporter-output>
        </test-method> <!-- waiting -->
        <test-method signature="returnTest()[pri:0, instance:com.tests.FooterTest@26a4842b]" started-at="2026-03-13T20:52:27 IST" name="returnTest" finished-at="2026-03-13T20:53:34 IST" duration-ms="66533" status="PASS">
          <reporter-output>
          </reporter-output>
        </test-method> <!-- returnTest -->
        <test-method is-config="true" signature="waiting()[pri:0, instance:com.tests.FooterTest@26a4842b]" started-at="2026-03-13T20:53:34 IST" name="waiting" finished-at="2026-03-13T20:53:37 IST" duration-ms="3030" status="PASS">
          <reporter-output>
          </reporter-output>
        </test-method> <!-- waiting -->
        <test-method signature="subscibemailTest()[pri:0, instance:com.tests.FooterTest@26a4842b]" started-at="2026-03-13T20:53:37 IST" name="subscibemailTest" finished-at="2026-03-13T20:53:37 IST" duration-ms="3" status="SKIP">
          <exception class="org.testng.SkipException">
            <message>
              <![CDATA[skipped test...]]>
            </message>
            <full-stacktrace>
              <![CDATA[org.testng.SkipException: skipped test...
at com.tests.FooterTest.subscibemailTest(FooterTest.java:100)
at java.base/jdk.internal.reflect.NativeMethodAccessorImpl.invoke0(Native Method)
at java.base/jdk.internal.reflect.NativeMethodAccessorImpl.invoke(NativeMethodAccessorImpl.java:64)
at java.base/jdk.internal.reflect.DelegatingMethodAccessorImpl.invoke(DelegatingMethodAccessorImpl.java:43)
at java.base/java.lang.reflect.Method.invoke(Method.java:564)
at org.testng.internal.MethodInvocationHelper.invokeMethod(MethodInvocationHelper.java:133)
at org.testng.internal.TestInvoker.invokeMethod(TestInvoker.java:598)
at org.testng.internal.TestInvoker.invokeTestMethod(TestInvoker.java:173)
at org.testng.internal.MethodRunner.runInSequence(MethodRunner.java:46)
at org.testng.internal.TestInvoker$MethodInvocationAgent.invoke(TestInvoker.java:824)
at org.testng.internal.TestInvoker.invokeTestMethods(TestInvoker.java:146)
at org.testng.internal.TestMethodWorker.invokeTestMethods(TestMethodWorker.java:146)
at org.testng.internal.TestMethodWorker.run(TestMethodWorker.java:128)
at java.base/java.util.ArrayList.forEach(ArrayList.java:1511)
at org.testng.TestRunner.privateRun(TestRunner.java:794)
at org.testng.TestRunner.run(TestRunner.java:596)
at org.testng.SuiteRunner.runTest(SuiteRunner.java:377)
at org.testng.SuiteRunner.runSequentially(SuiteRunner.java:371)
at org.testng.SuiteRunner.privateRun(SuiteRunner.java:332)
at org.testng.SuiteRunner.run(SuiteRunner.java:276)
at org.testng.SuiteRunnerWorker.runSuite(SuiteRunnerWorker.java:53)
at org.testng.SuiteRunnerWorker.run(SuiteRunnerWorker.java:96)
at org.testng.TestNG.runSuitesSequentially(TestNG.java:1212)
at org.testng.TestNG.runSuitesLocally(TestNG.java:1134)
at org.testng.TestNG.runSuites(TestNG.java:1063)
at org.testng.TestNG.run(TestNG.java:1031)
at org.testng.remote.AbstractRemoteTestNG.run(AbstractRemoteTestNG.java:115)
at org.testng.remote.RemoteTestNG.initAndRun(RemoteTestNG.java:251)
at org.testng.remote.RemoteTestNG.main(RemoteTestNG.java:77)
]]>
            </full-stacktrace>
          </exception> <!-- org.testng.SkipException -->
          <reporter-output>
          </reporter-output>
        </test-method> <!-- subscibemailTest -->
        <test-method is-config="true" signature="waiting()[pri:0, instance:com.tests.FooterTest@26a4842b]" started-at="2026-03-13T20:53:37 IST" name="waiting" finished-at="2026-03-13T20:53:40 IST" duration-ms="3015" status="PASS">
          <reporter-output>
          </reporter-output>
        </test-method> <!-- waiting -->
        <test-method signature="twitterTest()[pri:0, instance:com.tests.FooterTest@26a4842b]" started-at="2026-03-13T20:53:40 IST" name="twitterTest" finished-at="2026-03-13T20:53:57 IST" duration-ms="17626" status="FAIL">
          <exception class="java.lang.AssertionError">
            <message>
              <![CDATA[expected [Contact Us] but found [Returns Policy]]]>
            </message>
            <full-stacktrace>
              <![CDATA[java.lang.AssertionError: expected [Contact Us] but found [Returns Policy]
at org.testng.Assert.fail(Assert.java:99)
at org.testng.Assert.failNotEquals(Assert.java:1037)
at org.testng.Assert.assertEqualsImpl(Assert.java:140)
at org.testng.Assert.assertEquals(Assert.java:122)
at org.testng.Assert.assertEquals(Assert.java:629)
at org.testng.Assert.assertEquals(Assert.java:639)
at com.tests.FooterTest.twitterTest(FooterTest.java:88)
at java.base/jdk.internal.reflect.NativeMethodAccessorImpl.invoke0(Native Method)
at java.base/jdk.internal.reflect.NativeMethodAccessorImpl.invoke(NativeMethodAccessorImpl.java:64)
at java.base/jdk.internal.reflect.DelegatingMethodAccessorImpl.invoke(DelegatingMethodAccessorImpl.java:43)
at java.base/java.lang.reflect.Method.invoke(Method.java:564)
at org.testng.internal.MethodInvocationHelper.invokeMethod(MethodInvocationHelper.java:133)
at org.testng.internal.TestInvoker.invokeMethod(TestInvoker.java:598)
at org.testng.internal.TestInvoker.invokeTestMethod(TestInvoker.java:173)
at org.testng.internal.MethodRunner.runInSequence(MethodRunner.java:46)
at org.testng.internal.TestInvoker$MethodInvocationAgent.invoke(TestInvoker.java:824)
at org.testng.internal.TestInvoker.invokeTestMethods(TestInvoker.java:146)
at org.testng.internal.TestMethodWorker.invokeTestMethods(TestMethodWorker.java:146)
at org.testng.internal.TestMethodWorker.run(TestMethodWorker.java:128)
at java.base/java.util.ArrayList.forEach(ArrayList.java:1511)
at org.testng.TestRunner.privateRun(TestRunner.java:794)
at org.testng.TestRunner.run(TestRunner.java:596)
at org.testng.SuiteRunner.runTest(SuiteRunner.java:377)
at org.testng.SuiteRunner.runSequentially(SuiteRunner.java:371)
at org.testng.SuiteRunner.privateRun(SuiteRunner.java:332)
at org.testng.SuiteRunner.run(SuiteRunner.java:276)
at org.testng.SuiteRunnerWorker.runSuite(SuiteRunnerWorker.java:53)
at org.testng.SuiteRunnerWorker.run(SuiteRunnerWorker.java:96)
at org.testng.TestNG.runSuitesSequentially(TestNG.java:1212)
at org.testng.TestNG.runSuitesLocally(TestNG.java:1134)
at org.testng.TestNG.runSuites(TestNG.java:1063)
at org.testng.TestNG.run(TestNG.java:1031)
at org.testng.remote.AbstractRemoteTestNG.run(AbstractRemoteTestNG.java:115)
at org.testng.remote.RemoteTestNG.initAndRun(RemoteTestNG.java:251)
at org.testng.remote.RemoteTestNG.main(RemoteTestNG.java:77)
]]>
            </full-stacktrace>
          </exception> <!-- java.lang.AssertionError -->
          <reporter-output>
          </reporter-output>
        </test-method> <!-- twitterTest -->
        <test-method is-config="true" signature="waiting()[pri:0, instance:com.tests.FooterTest@26a4842b]" started-at="2026-03-13T20:53:58 IST" name="waiting" finished-at="2026-03-13T20:54:01 IST" duration-ms="3020" status="PASS">
          <reporter-output>
          </reporter-output>
        </test-method> <!-- waiting -->
        <test-method signature="vimeoTest()[pri:0, instance:com.tests.FooterTest@26a4842b]" started-at="2026-03-13T20:54:01 IST" name="vimeoTest" finished-at="2026-03-13T20:54:18 IST" duration-ms="16676" status="FAIL">
          <exception class="java.lang.AssertionError">
            <message>
              <![CDATA[expected [Contact Us] but found [Returns Policy]]]>
            </message>
            <full-stacktrace>
              <![CDATA[java.lang.AssertionError: expected [Contact Us] but found [Returns Policy]
at org.testng.Assert.fail(Assert.java:99)
at org.testng.Assert.failNotEquals(Assert.java:1037)
at org.testng.Assert.assertEqualsImpl(Assert.java:140)
at org.testng.Assert.assertEquals(Assert.java:122)
at org.testng.Assert.assertEquals(Assert.java:629)
at org.testng.Assert.assertEquals(Assert.java:639)
at com.tests.FooterTest.vimeoTest(FooterTest.java:94)
at java.base/jdk.internal.reflect.NativeMethodAccessorImpl.invoke0(Native Method)
at java.base/jdk.internal.reflect.NativeMethodAccessorImpl.invoke(NativeMethodAccessorImpl.java:64)
at java.base/jdk.internal.reflect.DelegatingMethodAccessorImpl.invoke(DelegatingMethodAccessorImpl.java:43)
at java.base/java.lang.reflect.Method.invoke(Method.java:564)
at org.testng.internal.MethodInvocationHelper.invokeMethod(MethodInvocationHelper.java:133)
at org.testng.internal.TestInvoker.invokeMethod(TestInvoker.java:598)
at org.testng.internal.TestInvoker.invokeTestMethod(TestInvoker.java:173)
at org.testng.internal.MethodRunner.runInSequence(MethodRunner.java:46)
at org.testng.internal.TestInvoker$MethodInvocationAgent.invoke(TestInvoker.java:824)
at org.testng.internal.TestInvoker.invokeTestMethods(TestInvoker.java:146)
at org.testng.internal.TestMethodWorker.invokeTestMethods(TestMethodWorker.java:146)
at org.testng.internal.TestMethodWorker.run(TestMethodWorker.java:128)
at java.base/java.util.ArrayList.forEach(ArrayList.java:1511)
at org.testng.TestRunner.privateRun(TestRunner.java:794)
at org.testng.TestRunner.run(TestRunner.java:596)
at org.testng.SuiteRunner.runTest(SuiteRunner.java:377)
at org.testng.SuiteRunner.runSequentially(SuiteRunner.java:371)
at org.testng.SuiteRunner.privateRun(SuiteRunner.java:332)
at org.testng.SuiteRunner.run(SuiteRunner.java:276)
at org.testng.SuiteRunnerWorker.runSuite(SuiteRunnerWorker.java:53)
at org.testng.SuiteRunnerWorker.run(SuiteRunnerWorker.java:96)
at org.testng.TestNG.runSuitesSequentially(TestNG.java:1212)
at org.testng.TestNG.runSuitesLocally(TestNG.java:1134)
at org.testng.TestNG.runSuites(TestNG.java:1063)
at org.testng.TestNG.run(TestNG.java:1031)
at org.testng.remote.AbstractRemoteTestNG.run(AbstractRemoteTestNG.java:115)
at org.testng.remote.RemoteTestNG.initAndRun(RemoteTestNG.java:251)
at org.testng.remote.RemoteTestNG.main(RemoteTestNG.java:77)
]]>
            </full-stacktrace>
          </exception> <!-- java.lang.AssertionError -->
          <reporter-output>
          </reporter-output>
        </test-method> <!-- vimeoTest -->
      </class> <!-- com.tests.FooterTest -->
    </test> <!-- Default test -->
  </suite> <!-- Default suite -->
</testng-results>
